Flow report for flipflopt
Wed Sep 19 17:25:40 2018
Quartus II 64-Bit Version 13.1.0 Build 162 10/23/2013 SJ Web Edition


---------------------
; Table of Contents ;
---------------------
  1. Legal Notice
  2. Flow Summary
  3. Flow Settings
  4. Flow Non-Default Global Settings
  5. Flow Elapsed Time
  6. Flow OS Summary
  7. Flow Log
  8. Flow Messages
  9. Flow Suppressed Messages



----------------
; Legal Notice ;
----------------
Copyright (C) 1991-2013 Altera Corporation
Your use of Altera Corporation's design tools, logic functions 
and other software and tools, and its AMPP partner logic 
functions, and any output files from any of the foregoing 
(including device programming or simulation files), and any 
associated documentation or information are expressly subject 
to the terms and conditions of the Altera Program License 
Subscription Agreement, Altera MegaCore Function License 
Agreement, or other applicable license agreement, including, 
without limitation, that your use is for the sole purpose of 
programming logic devices manufactured by Altera and sold by 
Altera or its authorized distributors.  Please refer to the 
applicable agreement for further details.



+---------------------------------------------------------------------------------+
; Flow Summary                                                                    ;
+------------------------------------+--------------------------------------------+
; Flow Status                        ; Successful - Wed Sep 19 17:25:40 2018      ;
; Quartus II 64-Bit Version          ; 13.1.0 Build 162 10/23/2013 SJ Web Edition ;
; Revision Name                      ; flipflopt                                  ;
; Top-level Entity Name              ; flipflopt                                  ;
; Family                             ; Cyclone IV E                               ;
; Device                             ; EP4CE115F29C7                              ;
; Timing Models                      ; Final                                      ;
; Total logic elements               ; 1 / 114,480 ( < 1 % )                      ;
;     Total combinational functions  ; 1 / 114,480 ( < 1 % )                      ;
;     Dedicated logic registers      ; 1 / 114,480 ( < 1 % )                      ;
; Total registers                    ; 1                                          ;
; Total pins                         ; 5 / 529 ( < 1 % )                          ;
; Total virtual pins                 ; 0                                          ;
; Total memory bits                  ; 0 / 3,981,312 ( 0 % )                      ;
; Embedded Multiplier 9-bit elements ; 0 / 532 ( 0 % )                            ;
; Total PLLs                         ; 0 / 4 ( 0 % )                              ;
+------------------------------------+--------------------------------------------+


+-----------------------------------------+
; Flow Settings                           ;
+-------------------+---------------------+
; Option            ; Setting             ;
+-------------------+---------------------+
; Start date & time ; 09/19/2018 17:20:58 ;
; Main task         ; Compilation         ;
; Revision Name     ; flipflopt           ;
+-------------------+---------------------+


+---------------------------------------------------------------------------------------------------------------------------------------------------------------+
; Flow Non-Default Global Settings                                                                                                                              ;
+-------------------------------------+--------------------------------------------------------------------------+---------------+-------------+----------------+
; Assignment Name                     ; Value                                                                    ; Default Value ; Entity Name ; Section Id     ;
+-------------------------------------+--------------------------------------------------------------------------+---------------+-------------+----------------+
; COMPILER_SIGNATURE_ID               ; 2324012450437.153738845805576                                            ; --            ; --          ; --             ;
; EDA_GENERATE_FUNCTIONAL_NETLIST     ; On                                                                       ; --            ; --          ; eda_simulation ;
; EDA_NETLIST_WRITER_OUTPUT_DIR       ; C:/Users/User/Desktop/design_of_digital_circuits/my_tff/simulation/qsim/ ; --            ; --          ; eda_simulation ;
; EDA_OUTPUT_DATA_FORMAT              ; Verilog Hdl                                                              ; --            ; --          ; eda_simulation ;
; EDA_SIMULATION_TOOL                 ; ModelSim-Altera (Verilog)                                                ; <None>        ; --          ; --             ;
; MAX_CORE_JUNCTION_TEMP              ; 85                                                                       ; --            ; --          ; --             ;
; MIN_CORE_JUNCTION_TEMP              ; 0                                                                        ; --            ; --          ; --             ;
; NOMINAL_CORE_SUPPLY_VOLTAGE         ; 1.2V                                                                     ; --            ; --          ; --             ;
; PARTITION_COLOR                     ; 16764057                                                                 ; --            ; --          ; Top            ;
; PARTITION_FITTER_PRESERVATION_LEVEL ; PLACEMENT_AND_ROUTING                                                    ; --            ; --          ; Top            ;
; PARTITION_NETLIST_TYPE              ; SOURCE                                                                   ; --            ; --          ; Top            ;
; PROJECT_OUTPUT_DIRECTORY            ; output_files                                                             ; --            ; --          ; --             ;
+-------------------------------------+--------------------------------------------------------------------------+---------------+-------------+----------------+


+-------------------------------------------------------------------------------------------------------------------------------+
; Flow Elapsed Time                                                                                                             ;
+---------------------------+--------------+-------------------------+---------------------+------------------------------------+
; Module Name               ; Elapsed Time ; Average Processors Used ; Peak Virtual Memory ; Total CPU Time (on all processors) ;
+---------------------------+--------------+-------------------------+---------------------+------------------------------------+
; Analysis & Synthesis      ; 00:00:04     ; 1.0                     ; 515 MB              ; 00:00:04                           ;
; Fitter                    ; 00:00:35     ; 1.2                     ; 1177 MB             ; 00:00:42                           ;
; Assembler                 ; 00:00:11     ; 1.0                     ; 465 MB              ; 00:00:10                           ;
; TimeQuest Timing Analyzer ; 00:00:08     ; 1.0                     ; 559 MB              ; 00:00:05                           ;
; EDA Netlist Writer        ; 00:00:01     ; 1.0                     ; 426 MB              ; 00:00:01                           ;
; EDA Netlist Writer        ; 00:00:01     ; 1.0                     ; 435 MB              ; 00:00:01                           ;
; EDA Netlist Writer        ; 00:00:01     ; 1.0                     ; 435 MB              ; 00:00:01                           ;
; EDA Netlist Writer        ; 00:00:01     ; 1.0                     ; 435 MB              ; 00:00:01                           ;
; EDA Netlist Writer        ; 00:00:02     ; 1.0                     ; 435 MB              ; 00:00:01                           ;
; Total                     ; 00:01:04     ; --                      ; --                  ; 00:01:06                           ;
+---------------------------+--------------+-------------------------+---------------------+------------------------------------+


+----------------------------------------------------------------------------------------+
; Flow OS Summary                                                                        ;
+---------------------------+------------------+-----------+------------+----------------+
; Module Name               ; Machine Hostname ; OS Name   ; OS Version ; Processor type ;
+---------------------------+------------------+-----------+------------+----------------+
; Analysis & Synthesis      ; pc-goldentec     ; Windows 7 ; 6.2        ; x86_64         ;
; Fitter                    ; pc-goldentec     ; Windows 7 ; 6.2        ; x86_64         ;
; Assembler                 ; pc-goldentec     ; Windows 7 ; 6.2        ; x86_64         ;
; TimeQuest Timing Analyzer ; pc-goldentec     ; Windows 7 ; 6.2        ; x86_64         ;
; EDA Netlist Writer        ; pc-goldentec     ; Windows 7 ; 6.2        ; x86_64         ;
; EDA Netlist Writer        ; pc-goldentec     ; Windows 7 ; 6.2        ; x86_64         ;
; EDA Netlist Writer        ; pc-goldentec     ; Windows 7 ; 6.2        ; x86_64         ;
; EDA Netlist Writer        ; pc-goldentec     ; Windows 7 ; 6.2        ; x86_64         ;
; EDA Netlist Writer        ; pc-goldentec     ; Windows 7 ; 6.2        ; x86_64         ;
+---------------------------+------------------+-----------+------------+----------------+


------------
; Flow Log ;
------------
quartus_map --read_settings_files=on --write_settings_files=off flipflopt -c flipflopt
quartus_fit --read_settings_files=off --write_settings_files=off flipflopt -c flipflopt
quartus_asm --read_settings_files=off --write_settings_files=off flipflopt -c flipflopt
quartus_sta flipflopt -c flipflopt
quartus_eda --read_settings_files=off --write_settings_files=off flipflopt -c flipflopt
quartus_eda --gen_testbench --check_outputs=on --tool=modelsim_oem --format=verilog flipflopt -c flipflopt --vector_source=C:/Users/User/Desktop/design_of_digital_circuits/my_tff/Waveform2.vwf --testbench_file=C:/Users/User/Desktop/design_of_digital_circuits/my_tff/simulation/qsim/Waveform2.vwf.vt
quartus_eda --functional=on --flatten_buses=off --simulation=on --tool=modelsim_oem --format=verilog --output_directory=C:/Users/User/Desktop/design_of_digital_circuits/my_tff/simulation/qsim/ flipflopt -c flipflopt
quartus_eda --gen_testbench --check_outputs=on --tool=modelsim_oem --format=verilog flipflopt -c flipflopt --vector_source=C:/Users/User/Desktop/design_of_digital_circuits/my_tff/Waveform2.vwf --testbench_file=C:/Users/User/Desktop/design_of_digital_circuits/my_tff/simulation/qsim/Waveform2.vwf.vt
quartus_eda --functional=on --flatten_buses=off --simulation=on --tool=modelsim_oem --format=verilog --output_directory=C:/Users/User/Desktop/design_of_digital_circuits/my_tff/simulation/qsim/ flipflopt -c flipflopt



